<?xml version="1.0" encoding="UTF-8"?>
<!-- Generated by org.testng.reporters.JUnitXMLReporter -->
<testsuite hostname="WRGVMOFF147" ignored="3" name="checkAllValidationsOnPolicyInfoPage1" tests="1" failures="0" timestamp="2020-07-24T09:29:35 EDT" time="65.585" errors="0">
  <testcase name="checkAllValidationsOnPolicyInfoPage" time="62.534" classname="com.wrg.PC.Tests.Property_PolicyCenterTests"/>
  <testcase name="validateLabelsAndErrorMessagesForElectronicCommerceCoverage" time="0.0" classname="com.wrg.PC.Tests.Property_PolicyCenterTests">
    <ignored/>
  </testcase> <!-- validateLabelsAndErrorMessagesForElectronicCommerceCoverage -->
  <testcase name="validateLeapYearScenario" time="0.0" classname="com.wrg.PC.Tests.Property_PolicyCenterTests">
    <ignored/>
  </testcase> <!-- validateLeapYearScenario -->
  <testcase name="validatePolicyLevelAndAdditionalCoveragesCoveragesOnCommercialPropertyLinePage" time="0.0" classname="com.wrg.PC.Tests.Property_PolicyCenterTests">
    <ignored/>
  </testcase> <!-- validatePolicyLevelAndAdditionalCoveragesCoveragesOnCommercialPropertyLinePage -->
</testsuite> <!-- checkAllValidationsOnPolicyInfoPage1 -->
