<?xml version="1.0" encoding="UTF-8"?>
<!-- Generated by org.testng.reporters.JUnitXMLReporter -->
<testsuite hostname="WRGVMOFF147" ignored="1" name="createNewQuoteViaPC2" tests="1" failures="0" timestamp="2020-06-13T03:43:10 EDT" time="158.322" errors="0">
  <testcase name="createNewQuoteViaPC" time="158.038" classname="com.wrg.PC.Tests.BOP_PolicyCenterTests"/>
  <testcase name="createNewAccount" time="0.0" classname="com.wrg.PC.Tests.BOP_PolicyCenterTests">
    <ignored/>
  </testcase> <!-- createNewAccount -->
</testsuite> <!-- createNewQuoteViaPC2 -->
