<?xml version="1.0" encoding="UTF-8"?>
<!-- Generated by org.testng.reporters.JUnitXMLReporter -->
<testsuite hostname="WRGVMOFF147" ignored="7" name="createQuoteWithUnderwriterIssuesAndPerformSearch2" tests="1" failures="0" timestamp="2020-08-18T14:49:50 EDT" time="174.622" errors="0">
  <testcase name="createQuoteWithUnderwriterIssuesAndPerformSearch" time="174.354" classname="com.wrg.Regression.Tests.BOP_RegressionTests"/>
  <testcase name="reinstatePolicyAndPerformSearch" time="0.0" classname="com.wrg.Regression.Tests.BOP_RegressionTests">
    <ignored/>
  </testcase> <!-- reinstatePolicyAndPerformSearch -->
  <testcase name="createQuoteAndPerformSearch" time="0.0" classname="com.wrg.Regression.Tests.BOP_RegressionTests">
    <ignored/>
  </testcase> <!-- createQuoteAndPerformSearch -->
  <testcase name="draftQuoteAndPerformSearch" time="0.0" classname="com.wrg.Regression.Tests.BOP_RegressionTests">
    <ignored/>
  </testcase> <!-- draftQuoteAndPerformSearch -->
  <testcase name="verifyPrintApplicationButton" time="0.0" classname="com.wrg.Regression.Tests.BOP_RegressionTests">
    <ignored/>
  </testcase> <!-- verifyPrintApplicationButton -->
  <testcase name="cancelPolicyAndPerformSearch" time="0.0" classname="com.wrg.Regression.Tests.BOP_RegressionTests">
    <ignored/>
  </testcase> <!-- cancelPolicyAndPerformSearch -->
  <testcase name="issuePolicyAndPerformSearch" time="0.0" classname="com.wrg.Regression.Tests.BOP_RegressionTests">
    <ignored/>
  </testcase> <!-- issuePolicyAndPerformSearch -->
  <testcase name="renewPolicyAndPerformSearch" time="0.0" classname="com.wrg.Regression.Tests.BOP_RegressionTests">
    <ignored/>
  </testcase> <!-- renewPolicyAndPerformSearch -->
</testsuite> <!-- createQuoteWithUnderwriterIssuesAndPerformSearch2 -->
