<?xml version="1.0" encoding="UTF-8"?>
<!-- Generated by org.testng.reporters.JUnitXMLReporter -->
<testsuite hostname="WRGVMOFF147" ignored="3" name="createNewPolicyViaPC4" tests="2" failures="0" timestamp="2020-06-13T13:36:10 EDT" time="501.587" errors="0">
  <testcase name="createNewPolicyViaPC" time="117.761" classname="com.wrg.E2E.Tests.BOP_End2EndTests">
    <skipped/>
  </testcase> <!-- createNewPolicyViaPC -->
  <testcase name="createNewPolicyViaPC" time="383.262" classname="com.wrg.E2E.Tests.BOP_End2EndTests"/>
  <testcase name="createCustomTermPolicyFromAgentPortalWithMultipleLocations" time="0.0" classname="com.wrg.E2E.Tests.BOP_End2EndTests">
    <ignored/>
  </testcase> <!-- createCustomTermPolicyFromAgentPortalWithMultipleLocations -->
  <testcase name="createCustomTermPolicyFromAgentPortal" time="0.0" classname="com.wrg.E2E.Tests.BOP_End2EndTests">
    <ignored/>
  </testcase> <!-- createCustomTermPolicyFromAgentPortal -->
  <testcase name="createQuoteAndApproveUnderwritingIssues" time="0.0" classname="com.wrg.E2E.Tests.BOP_End2EndTests">
    <ignored/>
  </testcase> <!-- createQuoteAndApproveUnderwritingIssues -->
</testsuite> <!-- createNewPolicyViaPC4 -->
