<?xml version="1.0" encoding="UTF-8"?>
<!-- Generated by org.testng.reporters.JUnitXMLReporter -->
<testsuite hostname="WRGVMOFF147" ignored="3" name="leapYesrTest5" tests="1" failures="0" timestamp="2020-07-24T06:58:44 EDT" time="49.332" errors="0">
  <testcase name="leapYesrTest" time="49.183" classname="com.wrg.PC.Tests.Property_PolicyCenterTests"/>
  <testcase name="verifyNewAccountIsCreatedViaPolicyCenter" time="0.0" classname="com.wrg.PC.Tests.Property_PolicyCenterTests">
    <ignored/>
  </testcase> <!-- verifyNewAccountIsCreatedViaPolicyCenter -->
  <testcase name="validatePolicyLevelCoveragesOnCommercialPropertyLinePage" time="0.0" classname="com.wrg.PC.Tests.Property_PolicyCenterTests">
    <ignored/>
  </testcase> <!-- validatePolicyLevelCoveragesOnCommercialPropertyLinePage -->
  <testcase name="validateLabelsAndErrorMessagesForElectronicCommerceCoverage" time="0.0" classname="com.wrg.PC.Tests.Property_PolicyCenterTests">
    <ignored/>
  </testcase> <!-- validateLabelsAndErrorMessagesForElectronicCommerceCoverage -->
</testsuite> <!-- leapYesrTest5 -->
