<?xml version="1.0" encoding="UTF-8"?>
<!-- Generated by org.testng.reporters.JUnitXMLReporter -->
<testsuite hostname="WRGVMOFF147" ignored="3" name="validateLeapYearScenario2" tests="1" failures="0" timestamp="2020-07-24T09:30:27 EDT" time="51.228" errors="0">
  <testcase name="validateLeapYearScenario" time="48.628" classname="com.wrg.PC.Tests.Property_PolicyCenterTests"/>
  <testcase name="checkAllValidationsOnPolicyInfoPage" time="0.0" classname="com.wrg.PC.Tests.Property_PolicyCenterTests">
    <ignored/>
  </testcase> <!-- checkAllValidationsOnPolicyInfoPage -->
  <testcase name="validateLabelsAndErrorMessagesForElectronicCommerceCoverage" time="0.0" classname="com.wrg.PC.Tests.Property_PolicyCenterTests">
    <ignored/>
  </testcase> <!-- validateLabelsAndErrorMessagesForElectronicCommerceCoverage -->
  <testcase name="validatePolicyLevelAndAdditionalCoveragesCoveragesOnCommercialPropertyLinePage" time="0.0" classname="com.wrg.PC.Tests.Property_PolicyCenterTests">
    <ignored/>
  </testcase> <!-- validatePolicyLevelAndAdditionalCoveragesCoveragesOnCommercialPropertyLinePage -->
</testsuite> <!-- validateLeapYearScenario2 -->
