<?xml version="1.0" encoding="UTF-8"?>
<!-- Generated by org.testng.reporters.JUnitXMLReporter -->
<testsuite hostname="WRGVMOFF147" ignored="3" name="validatePolicyLevelCoveragesOnCommercialPropertyLinePage8" tests="1" failures="0" timestamp="2020-07-24T07:00:37 EDT" time="55.394" errors="0">
  <testcase name="validatePolicyLevelCoveragesOnCommercialPropertyLinePage" time="55.229" classname="com.wrg.PC.Tests.Property_PolicyCenterTests"/>
  <testcase name="verifyNewAccountIsCreatedViaPolicyCenter" time="0.0" classname="com.wrg.PC.Tests.Property_PolicyCenterTests">
    <ignored/>
  </testcase> <!-- verifyNewAccountIsCreatedViaPolicyCenter -->
  <testcase name="validateLabelsAndErrorMessagesForElectronicCommerceCoverage" time="0.0" classname="com.wrg.PC.Tests.Property_PolicyCenterTests">
    <ignored/>
  </testcase> <!-- validateLabelsAndErrorMessagesForElectronicCommerceCoverage -->
  <testcase name="leapYesrTest" time="0.0" classname="com.wrg.PC.Tests.Property_PolicyCenterTests">
    <ignored/>
  </testcase> <!-- leapYesrTest -->
</testsuite> <!-- validatePolicyLevelCoveragesOnCommercialPropertyLinePage8 -->
