<?xml version="1.0" encoding="UTF-8"?>
<!-- Generated by org.testng.reporters.JUnitXMLReporter -->
<testsuite hostname="WRGVMOFF147" ignored="3" name="validatePolicyLevelAndAdditionalCoveragesCoveragesOnCommercialPropertyLinePage4" tests="2" failures="0" timestamp="2020-07-24T09:33:15 EDT" time="84.396" errors="0">
  <testcase name="validatePolicyLevelAndAdditionalCoveragesCoveragesOnCommercialPropertyLinePage" time="20.068" classname="com.wrg.PC.Tests.Property_PolicyCenterTests">
    <skipped/>
  </testcase> <!-- validatePolicyLevelAndAdditionalCoveragesCoveragesOnCommercialPropertyLinePage -->
  <testcase name="validatePolicyLevelAndAdditionalCoveragesCoveragesOnCommercialPropertyLinePage" time="60.203" classname="com.wrg.PC.Tests.Property_PolicyCenterTests"/>
  <testcase name="checkAllValidationsOnPolicyInfoPage" time="0.0" classname="com.wrg.PC.Tests.Property_PolicyCenterTests">
    <ignored/>
  </testcase> <!-- checkAllValidationsOnPolicyInfoPage -->
  <testcase name="validateLabelsAndErrorMessagesForElectronicCommerceCoverage" time="0.0" classname="com.wrg.PC.Tests.Property_PolicyCenterTests">
    <ignored/>
  </testcase> <!-- validateLabelsAndErrorMessagesForElectronicCommerceCoverage -->
  <testcase name="validateLeapYearScenario" time="0.0" classname="com.wrg.PC.Tests.Property_PolicyCenterTests">
    <ignored/>
  </testcase> <!-- validateLeapYearScenario -->
</testsuite> <!-- validatePolicyLevelAndAdditionalCoveragesCoveragesOnCommercialPropertyLinePage4 -->
