<?xml version="1.0" encoding="UTF-8"?>
<!-- Generated by org.testng.reporters.JUnitXMLReporter -->
<testsuite hostname="WRGVMOFF147" ignored="3" name="validateLabelsAndErrorMessagesForElectronicCommerceCoverage3" tests="2" failures="0" timestamp="2020-07-24T09:31:50 EDT" time="82.899" errors="0">
  <testcase name="validateLabelsAndErrorMessagesForElectronicCommerceCoverage" time="20.057" classname="com.wrg.PC.Tests.Property_PolicyCenterTests">
    <skipped/>
  </testcase> <!-- validateLabelsAndErrorMessagesForElectronicCommerceCoverage -->
  <testcase name="validateLabelsAndErrorMessagesForElectronicCommerceCoverage" time="60.488" classname="com.wrg.PC.Tests.Property_PolicyCenterTests"/>
  <testcase name="checkAllValidationsOnPolicyInfoPage" time="0.0" classname="com.wrg.PC.Tests.Property_PolicyCenterTests">
    <ignored/>
  </testcase> <!-- checkAllValidationsOnPolicyInfoPage -->
  <testcase name="validateLeapYearScenario" time="0.0" classname="com.wrg.PC.Tests.Property_PolicyCenterTests">
    <ignored/>
  </testcase> <!-- validateLeapYearScenario -->
  <testcase name="validatePolicyLevelAndAdditionalCoveragesCoveragesOnCommercialPropertyLinePage" time="0.0" classname="com.wrg.PC.Tests.Property_PolicyCenterTests">
    <ignored/>
  </testcase> <!-- validatePolicyLevelAndAdditionalCoveragesCoveragesOnCommercialPropertyLinePage -->
</testsuite> <!-- validateLabelsAndErrorMessagesForElectronicCommerceCoverage3 -->
