<?xml version="1.0" encoding="UTF-8"?>
<!-- Generated by org.testng.reporters.JUnitXMLReporter -->
<testsuite hostname="WRGVMOFF147" ignored="7" name="validatePolicyLevelCoveragesOnPolicyLinePage8" tests="1" failures="0" timestamp="2020-07-21T13:55:44 EDT" time="77.179" errors="0">
  <testcase name="validatePolicyLevelCoveragesOnPolicyLinePage" time="76.933" classname="com.wrg.PC.Tests.Property_PolicyCenterTests"/>
  <testcase name="verifyValidationErrors" time="0.0" classname="com.wrg.PC.Tests.Property_PolicyCenterTests">
    <ignored/>
  </testcase> <!-- verifyValidationErrors -->
  <testcase name="verifyNewAccountIsCreatedViaPolicyCenter" time="0.0" classname="com.wrg.PC.Tests.Property_PolicyCenterTests">
    <ignored/>
  </testcase> <!-- verifyNewAccountIsCreatedViaPolicyCenter -->
  <testcase name="validateAddressDetailScreen" time="0.0" classname="com.wrg.PC.Tests.Property_PolicyCenterTests">
    <ignored/>
  </testcase> <!-- validateAddressDetailScreen -->
  <testcase name="verifyFieldsOnPolicyInfoPage" time="0.0" classname="com.wrg.PC.Tests.Property_PolicyCenterTests">
    <ignored/>
  </testcase> <!-- verifyFieldsOnPolicyInfoPage -->
  <testcase name="validatePresenceOfAdditionalCoveragesOnCommercialLinePage" time="0.0" classname="com.wrg.PC.Tests.Property_PolicyCenterTests">
    <ignored/>
  </testcase> <!-- validatePresenceOfAdditionalCoveragesOnCommercialLinePage -->
  <testcase name="validateAdditionalCoverageLabelsAndErrorMessages" time="0.0" classname="com.wrg.PC.Tests.Property_PolicyCenterTests">
    <ignored/>
  </testcase> <!-- validateAdditionalCoverageLabelsAndErrorMessages -->
  <testcase name="leapYesrTest" time="0.0" classname="com.wrg.PC.Tests.Property_PolicyCenterTests">
    <ignored/>
  </testcase> <!-- leapYesrTest -->
</testsuite> <!-- validatePolicyLevelCoveragesOnPolicyLinePage8 -->
