<?xml version="1.0" encoding="UTF-8"?>
<!-- Generated by org.testng.reporters.JUnitXMLReporter -->
<testsuite hostname="WRGVMOFF147" ignored="3" name="validateLabelsAndErrorMessagesForElectronicCommerceCoverage7" tests="1" failures="0" timestamp="2020-07-24T06:59:42 EDT" time="57.744" errors="0">
  <testcase name="validateLabelsAndErrorMessagesForElectronicCommerceCoverage" time="57.6" classname="com.wrg.PC.Tests.Property_PolicyCenterTests"/>
  <testcase name="verifyNewAccountIsCreatedViaPolicyCenter" time="0.0" classname="com.wrg.PC.Tests.Property_PolicyCenterTests">
    <ignored/>
  </testcase> <!-- verifyNewAccountIsCreatedViaPolicyCenter -->
  <testcase name="validatePolicyLevelCoveragesOnCommercialPropertyLinePage" time="0.0" classname="com.wrg.PC.Tests.Property_PolicyCenterTests">
    <ignored/>
  </testcase> <!-- validatePolicyLevelCoveragesOnCommercialPropertyLinePage -->
  <testcase name="leapYesrTest" time="0.0" classname="com.wrg.PC.Tests.Property_PolicyCenterTests">
    <ignored/>
  </testcase> <!-- leapYesrTest -->
</testsuite> <!-- validateLabelsAndErrorMessagesForElectronicCommerceCoverage7 -->
