<?xml version="1.0" encoding="UTF-8"?>
<!-- Generated by org.testng.reporters.JUnitXMLReporter -->
<testsuite hostname="WRGVMOFF147" ignored="3" name="verifyNewPolicyIsCreatedViaPolicyCenter13" tests="1" failures="0" timestamp="2020-08-08T12:42:39 EDT" time="339.536" errors="0">
  <testcase name="verifyNewPolicyIsCreatedViaPolicyCenter" time="339.062" classname="com.wrg.E2E.Tests.BOP_End2EndTests"/>
  <testcase name="verifyNewQuoteIsCreated" time="0.0" classname="com.wrg.E2E.Tests.BOP_End2EndTests">
    <ignored/>
  </testcase> <!-- verifyNewQuoteIsCreated -->
  <testcase name="verifyNewEndToEndPolicyIsCreatedHavingMultipleLocations" time="0.0" classname="com.wrg.E2E.Tests.BOP_End2EndTests">
    <ignored/>
  </testcase> <!-- verifyNewEndToEndPolicyIsCreatedHavingMultipleLocations -->
  <testcase name="verifyNewEndToEndPolicyIsCreated" time="0.0" classname="com.wrg.E2E.Tests.BOP_End2EndTests">
    <ignored/>
  </testcase> <!-- verifyNewEndToEndPolicyIsCreated -->
</testsuite> <!-- verifyNewPolicyIsCreatedViaPolicyCenter13 -->
