<?xml version="1.0" encoding="UTF-8"?>
<!-- Generated by org.testng.reporters.JUnitXMLReporter -->
<testsuite hostname="WRGVMOFF147" ignored="2" tests="0" failures="0" timestamp="2020-07-09T08:44:44 EDT" time="0.0" errors="0">
  <testcase name="verifyNewQuoteIsCreatedViaPolicyCenter" time="0.0" classname="com.wrg.Regression.Tests.BC_RegressionTests">
    <ignored/>
  </testcase> <!-- verifyNewQuoteIsCreatedViaPolicyCenter -->
  <testcase name="issuePolicyAndPerformSearch" time="0.0" classname="com.wrg.Regression.Tests.BC_RegressionTests">
    <ignored/>
  </testcase> <!-- issuePolicyAndPerformSearch -->
</testsuite>
