<?xml version="1.0" encoding="UTF-8"?>
<!-- Generated by org.testng.reporters.JUnitXMLReporter -->
<testsuite hostname="WRGVMOFF147" ignored="3" name="verifyNewPolicyIsCreatedViaPolicyCenter4" tests="1" failures="1" timestamp="2020-08-18T16:48:55 EDT" time="339.846" errors="0">
  <testcase name="verifyNewPolicyIsCreatedViaPolicyCenter" time="339.177" classname="com.wrg.E2E.Tests.BOP_End2EndTests">
    <failure type="java.lang.ArrayIndexOutOfBoundsException" message="0">
      <![CDATA[java.lang.ArrayIndexOutOfBoundsException: 0
at com.wrg.abstestbase.AbstractTest.getWebElement(AbstractTest.java:735)
at com.wrg.AP.pages.PaymentDetailsPage_AP.downPayment(PaymentDetailsPage_AP.java:18)
at com.wrg.AP.Tests.BOP_AgencyPortalTests.completePayment(BOP_AgencyPortalTests.java:240)
at com.wrg.E2E.Tests.BOP_End2EndTests.verifyNewPolicyIsCreatedViaPolicyCenter(BOP_End2EndTests.java:398)
at java.util.ArrayList.forEach(ArrayList.java:1257)
at com.wrg.PC.Tests.MyMainClass.testNGRun(MyMainClass.java:42)
at com.wrg.PC.Tests.MyMainClass.main(MyMainClass.java:30)
... Removed 24 stack frames]]>
    </failure>
  </testcase> <!-- verifyNewPolicyIsCreatedViaPolicyCenter -->
  <testcase name="verifyNewQuoteIsCreated" time="0.0" classname="com.wrg.E2E.Tests.BOP_End2EndTests">
    <ignored/>
  </testcase> <!-- verifyNewQuoteIsCreated -->
  <testcase name="verifyNewEndToEndPolicyIsCreatedHavingMultipleLocations" time="0.0" classname="com.wrg.E2E.Tests.BOP_End2EndTests">
    <ignored/>
  </testcase> <!-- verifyNewEndToEndPolicyIsCreatedHavingMultipleLocations -->
  <testcase name="verifyNewEndToEndPolicyIsCreated" time="0.0" classname="com.wrg.E2E.Tests.BOP_End2EndTests">
    <ignored/>
  </testcase> <!-- verifyNewEndToEndPolicyIsCreated -->
</testsuite> <!-- verifyNewPolicyIsCreatedViaPolicyCenter4 -->
