<?xml version="1.0" encoding="UTF-8"?>
<!-- Generated by org.testng.reporters.JUnitXMLReporter -->
<testsuite hostname="WRGVMOFF147" ignored="3" name="verifyNewPolicyIsCreatedViaPolicyCenter10" tests="1" failures="0" timestamp="2020-08-08T12:25:42 EDT" time="346.03" errors="0">
  <testcase name="verifyNewPolicyIsCreatedViaPolicyCenter" time="345.575" classname="com.wrg.E2E.Tests.BOP_End2EndTests"/>
  <testcase name="verifyNewQuoteIsCreated" time="0.0" classname="com.wrg.E2E.Tests.BOP_End2EndTests">
    <ignored/>
  </testcase> <!-- verifyNewQuoteIsCreated -->
  <testcase name="verifyNewEndToEndPolicyIsCreatedHavingMultipleLocations" time="0.0" classname="com.wrg.E2E.Tests.BOP_End2EndTests">
    <ignored/>
  </testcase> <!-- verifyNewEndToEndPolicyIsCreatedHavingMultipleLocations -->
  <testcase name="verifyNewEndToEndPolicyIsCreated" time="0.0" classname="com.wrg.E2E.Tests.BOP_End2EndTests">
    <ignored/>
  </testcase> <!-- verifyNewEndToEndPolicyIsCreated -->
</testsuite> <!-- verifyNewPolicyIsCreatedViaPolicyCenter10 -->
