<?xml version="1.0" encoding="UTF-8"?>
<!-- Generated by org.testng.reporters.JUnitXMLReporter -->
<testsuite hostname="WRGVMOFF147" ignored="5" name="verifyAdditionalCoverages6" tests="1" failures="0" timestamp="2020-07-21T12:10:17 EDT" time="71.2" errors="0">
  <testcase name="verifyAdditionalCoverages" time="70.954" classname="com.wrg.PC.Tests.Property_PolicyCenterTests"/>
  <testcase name="verifyValidationErrors" time="0.0" classname="com.wrg.PC.Tests.Property_PolicyCenterTests">
    <ignored/>
  </testcase> <!-- verifyValidationErrors -->
  <testcase name="verifyNewAccountIsCreatedViaPolicyCenter" time="0.0" classname="com.wrg.PC.Tests.Property_PolicyCenterTests">
    <ignored/>
  </testcase> <!-- verifyNewAccountIsCreatedViaPolicyCenter -->
  <testcase name="validateAddressDetailScreen" time="0.0" classname="com.wrg.PC.Tests.Property_PolicyCenterTests">
    <ignored/>
  </testcase> <!-- validateAddressDetailScreen -->
  <testcase name="verifyFieldsOnPolicyInfoPage" time="0.0" classname="com.wrg.PC.Tests.Property_PolicyCenterTests">
    <ignored/>
  </testcase> <!-- verifyFieldsOnPolicyInfoPage -->
  <testcase name="leapYesrTest" time="0.0" classname="com.wrg.PC.Tests.Property_PolicyCenterTests">
    <ignored/>
  </testcase> <!-- leapYesrTest -->
</testsuite> <!-- verifyAdditionalCoverages6 -->
