<?xml version="1.0" encoding="UTF-8"?>
<!-- Generated by org.testng.reporters.JUnitXMLReporter -->
<testsuite hostname="WRGVMOFF147" ignored="1" name="verifyNewQuoteIsCreatedViaPolicyCenter2" tests="1" failures="0" timestamp="2020-08-17T03:53:47 EDT" time="294.455" errors="0">
  <testcase name="verifyNewQuoteIsCreatedViaPolicyCenter" time="294.004" classname="com.wrg.PC.Tests.BOP_PolicyCenterTests"/>
  <testcase name="verifyNewAccountIsCreatedViaPolicyCenter" time="0.0" classname="com.wrg.PC.Tests.BOP_PolicyCenterTests">
    <ignored/>
  </testcase> <!-- verifyNewAccountIsCreatedViaPolicyCenter -->
</testsuite> <!-- verifyNewQuoteIsCreatedViaPolicyCenter2 -->
