<?xml version="1.0" encoding="UTF-8"?>
<testng-results skipped="0" failed="0" ignored="2" total="3" passed="1">
  <reporter-output>
    <line>
      <![CDATA[<tr><td></td><td></td><td></td><td><font size="2" face="Comic sans MS" color="green"><b>Test Case validateThreetoSixOptionalCoveragesViaAgentPortalForGL started on 1598965500265</b></font></td>]]>
    </line>
    <line>
      <![CDATA[<tr><td></td><td></td><td></td><td><font size="2" face="Comic sans MS" color="green"><b>URI: https://t4agency.wrg-ins.com/portal/html/#!/home/</b></font></td>]]>
    </line>
    <line>
      <![CDATA[<td><font size="2" face="Comic sans MS" color="green"><b>clicked on webelement</b></font></td></tr>]]>
    </line>
    <line>
      <![CDATA[<td><font size="2" face="Comic sans MS" color="green"><b>type test_2020_09_01_09_05_29 in input field.</b></font></td></tr>]]>
    </line>
    <line>
      <![CDATA[<td><font size="2" face="Comic sans MS" color="green"><b>clicked on webelement</b></font></td></tr>]]>
    </line>
    <line>
      <![CDATA[<td><font size="2" face="Comic sans MS" color="green"><b>select (by option)FORWARD AGENCIES INC (000) from the dropdown</b></font></td></tr>]]>
    </line>
    <line>
      <![CDATA[<td><font size="2" face="Comic sans MS" color="green"><b>type 377 West, Liberty Street in input field.</b></font></td></tr>]]>
    </line>
    <line>
      <![CDATA[<td><font size="2" face="Comic sans MS" color="green"><b>type Wooster in input field.</b></font></td></tr>]]>
    </line>
    <line>
      <![CDATA[<td><font size="2" face="Comic sans MS" color="green"><b>select (by option)Ohio from the dropdown</b></font></td></tr>]]>
    </line>
    <line>
      <![CDATA[<td><font size="2" face="Comic sans MS" color="green"><b>type 44691 in input field.</b></font></td></tr>]]>
    </line>
    <line>
      <![CDATA[<td><font size="2" face="Comic sans MS" color="green"><b>select (by option)Limited Liability Company (LLC) from the dropdown</b></font></td></tr>]]>
    </line>
    <line>
      <![CDATA[<td><font size="2" face="Comic sans MS" color="green"><b>type test in input field.</b></font></td></tr>]]>
    </line>
    <line>
      <![CDATA[<td><font size="2" face="Comic sans MS" color="green"><b>type 40005 in input field.</b></font></td></tr>]]>
    </line>
    <line>
      <![CDATA[<td><font size="2" face="Comic sans MS" color="green"><b>clicked on webelement</b></font></td></tr>]]>
    </line>
    <line>
      <![CDATA[<td><font size="2" face="Comic sans MS" color="green"><b>type 10000 in input field.</b></font></td></tr>]]>
    </line>
    <line>
      <![CDATA[<td><font size="2" face="Comic sans MS" color="green"><b>type test in input field.</b></font></td></tr>]]>
    </line>
    <line>
      <![CDATA[<td><font size="2" face="Comic sans MS" color="green"><b>select (by option)5,000 from the dropdown</b></font></td></tr>]]>
    </line>
    <line>
      <![CDATA[<td><font size="2" face="Comic sans MS" color="green"><b>type 1000 in input field.</b></font></td></tr>]]>
    </line>
    <line>
      <![CDATA[<td><font size="2" face="Comic sans MS" color="green"><b>select (by option)100,000/500,000/100,000 from the dropdown</b></font></td></tr>]]>
    </line>
    <line>
      <![CDATA[<td><font size="2" face="Comic sans MS" color="green"><b>type 2000 in input field.</b></font></td></tr>]]>
    </line>
    <line>
      <![CDATA[<td><font size="2" face="Comic sans MS" color="green"><b>type testing in input field.</b></font></td></tr>]]>
    </line>
    <line>
      <![CDATA[<td><font size="2" face="Comic sans MS" color="green"><b>clicked on webelement</b></font></td></tr>]]>
    </line>
    <line>
      <![CDATA[<tr><td></td><td></td><td></td><td><font size="2" face="Comic sans MS" color="green"><b>Test validateThreetoSixOptionalCoveragesViaAgentPortalForGL1</b></font></td>]]>
    </line>
  </reporter-output>
  <suite name="WRG" duration-ms="158989" started-at="2020-09-01T09:04:59 EDT" finished-at="2020-09-01T09:07:38 EDT">
    <groups>
    </groups>
    <test name="createNewQuoteViaAgentPortalForGL1" duration-ms="11" started-at="2020-09-01T09:04:59 EDT" finished-at="2020-09-01T09:04:59 EDT">
    </test> <!-- createNewQuoteViaAgentPortalForGL1 -->
    <test name="createNewQuoteViaAgentPortalForGL2" duration-ms="0" started-at="2020-09-01T09:05:00 EDT" finished-at="2020-09-01T09:05:00 EDT">
    </test> <!-- createNewQuoteViaAgentPortalForGL2 -->
    <test name="createNewQuoteViaAgentPortalForGL3" duration-ms="0" started-at="2020-09-01T09:05:00 EDT" finished-at="2020-09-01T09:05:00 EDT">
    </test> <!-- createNewQuoteViaAgentPortalForGL3 -->
    <test name="createNewQuoteViaAgentPortalForGL4" duration-ms="0" started-at="2020-09-01T09:05:00 EDT" finished-at="2020-09-01T09:05:00 EDT">
    </test> <!-- createNewQuoteViaAgentPortalForGL4 -->
    <test name="createNewQuoteViaAgentPortalForGL5" duration-ms="0" started-at="2020-09-01T09:05:00 EDT" finished-at="2020-09-01T09:05:00 EDT">
    </test> <!-- createNewQuoteViaAgentPortalForGL5 -->
    <test name="createNewQuoteViaAgentPortalForGL6" duration-ms="0" started-at="2020-09-01T09:05:00 EDT" finished-at="2020-09-01T09:05:00 EDT">
    </test> <!-- createNewQuoteViaAgentPortalForGL6 -->
    <test name="createNewQuoteViaAgentPortalForGL7" duration-ms="1" started-at="2020-09-01T09:05:00 EDT" finished-at="2020-09-01T09:05:00 EDT">
    </test> <!-- createNewQuoteViaAgentPortalForGL7 -->
    <test name="validateFirstThreeOptionalCoveragesViaAgentPortalForGL8" duration-ms="0" started-at="2020-09-01T09:05:00 EDT" finished-at="2020-09-01T09:05:00 EDT">
    </test> <!-- validateFirstThreeOptionalCoveragesViaAgentPortalForGL8 -->
    <test name="validateThreetoSixOptionalCoveragesViaAgentPortalForGL9" duration-ms="158659" started-at="2020-09-01T09:05:00 EDT" finished-at="2020-09-01T09:07:38 EDT">
      <class name="com.wrg.AP.Tests.GL_AgencyPortalTests">
        <test-method status="PASS" signature="beforesuite()[pri:0, instance:com.wrg.AP.Tests.GL_AgencyPortalTests@5158b42f]" name="beforesuite" is-config="true" duration-ms="100" started-at="2020-09-01T09:04:59 EDT" finished-at="2020-09-01T09:04:59 EDT">
          <reporter-output>
          </reporter-output>
        </test-method> <!-- beforesuite -->
        <test-method status="PASS" signature="beforeMethod()[pri:0, instance:com.wrg.AP.Tests.GL_AgencyPortalTests@5158b42f]" name="beforeMethod" is-config="true" duration-ms="28" started-at="2020-09-01T09:05:00 EDT" finished-at="2020-09-01T09:05:00 EDT">
          <reporter-output>
          </reporter-output>
        </test-method> <!-- beforeMethod -->
        <test-method status="PASS" signature="validateThreetoSixOptionalCoveragesViaAgentPortalForGL(java.lang.String, java.lang.String, java.lang.String, java.lang.String, java.lang.String, java.lang.String, java.lang.String, java.lang.String, java.lang.String, java.lang.String)[pri:0, instance:com.wrg.AP.Tests.GL_AgencyPortalTests@5158b42f]" name="validateThreetoSixOptionalCoveragesViaAgentPortalForGL" duration-ms="158280" started-at="2020-09-01T09:05:00 EDT" finished-at="2020-09-01T09:07:38 EDT">
          <params>
            <param index="0">
              <value>
                <![CDATA[test]]>
              </value>
            </param>
            <param index="1">
              <value>
                <![CDATA[Ohio]]>
              </value>
            </param>
            <param index="2">
              <value>
                <![CDATA[1]]>
              </value>
            </param>
            <param index="3">
              <value>
                <![CDATA[349111]]>
              </value>
            </param>
            <param index="4">
              <value>
                <![CDATA[Murry9]]>
              </value>
            </param>
            <param index="5">
              <value>
                <![CDATA[General Liability]]>
              </value>
            </param>
            <param index="6">
              <value>
                <![CDATA[Limited Liability Company (LLC)]]>
              </value>
            </param>
            <param index="7">
              <value>
                <![CDATA[40005]]>
              </value>
            </param>
            <param index="8">
              <value>
                <![CDATA[Broadening]]>
              </value>
            </param>
            <param index="9">
              <value>
                <![CDATA[10% or less]]>
              </value>
            </param>
          </params>
          <reporter-output>
            <line>
              <![CDATA[<tr><td></td><td></td><td></td><td><font size="2" face="Comic sans MS" color="green"><b>Test Case validateThreetoSixOptionalCoveragesViaAgentPortalForGL started on 1598965500265</b></font></td>]]>
            </line>
            <line>
              <![CDATA[<tr><td></td><td></td><td></td><td><font size="2" face="Comic sans MS" color="green"><b>URI: https://t4agency.wrg-ins.com/portal/html/#!/home/</b></font></td>]]>
            </line>
            <line>
              <![CDATA[<td><font size="2" face="Comic sans MS" color="green"><b>clicked on webelement</b></font></td></tr>]]>
            </line>
            <line>
              <![CDATA[<td><font size="2" face="Comic sans MS" color="green"><b>type test_2020_09_01_09_05_29 in input field.</b></font></td></tr>]]>
            </line>
            <line>
              <![CDATA[<td><font size="2" face="Comic sans MS" color="green"><b>clicked on webelement</b></font></td></tr>]]>
            </line>
            <line>
              <![CDATA[<td><font size="2" face="Comic sans MS" color="green"><b>select (by option)FORWARD AGENCIES INC (000) from the dropdown</b></font></td></tr>]]>
            </line>
            <line>
              <![CDATA[<td><font size="2" face="Comic sans MS" color="green"><b>type 377 West, Liberty Street in input field.</b></font></td></tr>]]>
            </line>
            <line>
              <![CDATA[<td><font size="2" face="Comic sans MS" color="green"><b>type Wooster in input field.</b></font></td></tr>]]>
            </line>
            <line>
              <![CDATA[<td><font size="2" face="Comic sans MS" color="green"><b>select (by option)Ohio from the dropdown</b></font></td></tr>]]>
            </line>
            <line>
              <![CDATA[<td><font size="2" face="Comic sans MS" color="green"><b>type 44691 in input field.</b></font></td></tr>]]>
            </line>
            <line>
              <![CDATA[<td><font size="2" face="Comic sans MS" color="green"><b>select (by option)Limited Liability Company (LLC) from the dropdown</b></font></td></tr>]]>
            </line>
            <line>
              <![CDATA[<td><font size="2" face="Comic sans MS" color="green"><b>type test in input field.</b></font></td></tr>]]>
            </line>
            <line>
              <![CDATA[<td><font size="2" face="Comic sans MS" color="green"><b>type 40005 in input field.</b></font></td></tr>]]>
            </line>
            <line>
              <![CDATA[<td><font size="2" face="Comic sans MS" color="green"><b>clicked on webelement</b></font></td></tr>]]>
            </line>
            <line>
              <![CDATA[<td><font size="2" face="Comic sans MS" color="green"><b>type 10000 in input field.</b></font></td></tr>]]>
            </line>
            <line>
              <![CDATA[<td><font size="2" face="Comic sans MS" color="green"><b>type test in input field.</b></font></td></tr>]]>
            </line>
            <line>
              <![CDATA[<td><font size="2" face="Comic sans MS" color="green"><b>select (by option)5,000 from the dropdown</b></font></td></tr>]]>
            </line>
            <line>
              <![CDATA[<td><font size="2" face="Comic sans MS" color="green"><b>type 1000 in input field.</b></font></td></tr>]]>
            </line>
            <line>
              <![CDATA[<td><font size="2" face="Comic sans MS" color="green"><b>select (by option)100,000/500,000/100,000 from the dropdown</b></font></td></tr>]]>
            </line>
            <line>
              <![CDATA[<td><font size="2" face="Comic sans MS" color="green"><b>type 2000 in input field.</b></font></td></tr>]]>
            </line>
            <line>
              <![CDATA[<td><font size="2" face="Comic sans MS" color="green"><b>type testing in input field.</b></font></td></tr>]]>
            </line>
            <line>
              <![CDATA[<td><font size="2" face="Comic sans MS" color="green"><b>clicked on webelement</b></font></td></tr>]]>
            </line>
            <line>
              <![CDATA[<tr><td></td><td></td><td></td><td><font size="2" face="Comic sans MS" color="green"><b>Test validateThreetoSixOptionalCoveragesViaAgentPortalForGL1</b></font></td>]]>
            </line>
          </reporter-output>
        </test-method> <!-- validateThreetoSixOptionalCoveragesViaAgentPortalForGL -->
        <test-method status="PASS" signature="afterTest()[pri:0, instance:com.wrg.AP.Tests.GL_AgencyPortalTests@5158b42f]" name="afterTest" is-config="true" duration-ms="7" started-at="2020-09-01T09:07:38 EDT" finished-at="2020-09-01T09:07:38 EDT">
          <reporter-output>
          </reporter-output>
        </test-method> <!-- afterTest -->
      </class> <!-- com.wrg.AP.Tests.GL_AgencyPortalTests -->
    </test> <!-- validateThreetoSixOptionalCoveragesViaAgentPortalForGL9 -->
  </suite> <!-- WRG -->
</testng-results>
